#
# There is insufficient memory for the Java Runtime Environment to continue.
# Native memory allocation (mmap) failed to map 132120576 bytes for G1 virtual space
# Possible reasons:
#   The system is out of physical RAM or swap space
#   The process is running with CompressedOops enabled, and the Java Heap may be blocking the growth of the native heap
# Possible solutions:
#   Reduce memory load on the system
#   Increase physical memory or swap space
#   Check if swap backing store is full
#   Decrease Java heap size (-Xmx/-Xms)
#   Decrease number of Java threads
#   Decrease Java thread stack sizes (-Xss)
#   Set larger code cache with -XX:ReservedCodeCacheSize=
#   JVM is running with Unscaled Compressed Oops mode in which the Java heap is
#     placed in the first 4GB address space. The Java Heap base address is the
#     maximum limit for the native heap growth. Please use -XX:HeapBaseMinAddress
#     to set the Java Heap base and to place the Java Heap above 4GB virtual address.
# This output file may be truncated or incomplete.
#
#  Out of Memory Error (os_windows.cpp:3469), pid=32004, tid=29980
#
# JRE version:  (17.0.1+12) (build )
# Java VM: OpenJDK 64-Bit Server VM (17.0.1+12, mixed mode, sharing, tiered, compressed oops, compressed class ptrs, g1 gc, windows-amd64)
# No core dump will be written. Minidumps are not enabled by default on client versions of Windows
#

---------------  S U M M A R Y ------------

Command Line: -Dfile.encoding=Cp1252 --module-path=C:\Users\gpear\Documents\workspace-spring-tool-suite-4-4.13.0.RELEASE\basics\bin -XX:+ShowCodeDetailsInExceptionMessages -Djdk.module.main=basics basics/atHomeAssignments.driver

Host: Intel(R) Core(TM) i5-10300H CPU @ 2.50GHz, 8 cores, 7G,  Windows 10 , 64 bit Build 22000 (10.0.22000.318)
Time: Mon Jan  3 22:17:40 2022 Central Standard Time elapsed time: 0.084407 seconds (0d 0h 0m 0s)

---------------  T H R E A D  ---------------

Current thread (0x00000281f8db34c0):  JavaThread "Unknown thread" [_thread_in_vm, id=29980, stack(0x000000ab6f900000,0x000000ab6fa00000)]

Stack: [0x000000ab6f900000,0x000000ab6fa00000]
Native frames: (J=compiled Java code, j=interpreted, Vv=VM code, C=native code)
V  [jvm.dll+0x6744da]
V  [jvm.dll+0x82e144]
V  [jvm.dll+0x82f8ee]
V  [jvm.dll+0x82ff53]
V  [jvm.dll+0x245175]
V  [jvm.dll+0x6714c9]
V  [jvm.dll+0x665f92]
V  [jvm.dll+0x303c3b]
V  [jvm.dll+0x30b176]
V  [jvm.dll+0x35af1e]
V  [jvm.dll+0x35b14f]
V  [jvm.dll+0x2dab78]
V  [jvm.dll+0x2dbae4]
V  [jvm.dll+0x7ffdf1]
V  [jvm.dll+0x368c91]
V  [jvm.dll+0x7df2cc]
V  [jvm.dll+0x3eb59f]
V  [jvm.dll+0x3ed121]
C  [jli.dll+0x5277]
C  [ucrtbase.dll+0x26c0c]
C  [KERNEL32.DLL+0x154e0]
C  [ntdll.dll+0x485b]


---------------  P R O C E S S  ---------------

Threads class SMR info:
_java_thread_list=0x00007ffa8d5b4e58, length=0, elements={
}

Java Threads: ( => current thread )

Other Threads:
  0x00000281f8df2a60 GCTaskThread "GC Thread#0" [stack: 0x000000ab6fa00000,0x000000ab6fb00000] [id=6512]
  0x00000281f8e03a50 ConcurrentGCThread "G1 Main Marker" [stack: 0x000000ab6fb00000,0x000000ab6fc00000] [id=32620]
  0x00000281f8e05380 ConcurrentGCThread "G1 Conc#0" [stack: 0x000000ab6fc00000,0x000000ab6fd00000] [id=21580]

[error occurred during error reporting (printing all threads), id 0xc0000005, EXCEPTION_ACCESS_VIOLATION (0xc0000005) at pc=0x00007ffa8cd8b5f7]

VM state: not at safepoint (not fully initialized)

VM Mutex/Monitor currently owned by a thread:  ([mutex/lock_event])
[0x00000281f8dae640] Heap_lock - owner thread: 0x00000281f8db34c0

Heap address: 0x0000000083000000, size: 2000 MB, Compressed Oops mode: 32-bit

CDS archive(s) mapped at: [0x0000000000000000-0x0000000000000000-0x0000000000000000), size 0, SharedBaseAddress: 0x0000000800000000, ArchiveRelocationMode: 0.
Narrow klass base: 0x0000000000000000, Narrow klass shift: 0, Narrow klass range: 0x0

GC Precious Log:
<Empty>

Heap:
 garbage-first heap   total 0K, used 0K [0x0000000083000000, 0x0000000100000000)
  region size 1024K, 0 young (0K), 0 survivors (0K)

[error occurred during error reporting (printing heap information), id 0xc0000005, EXCEPTION_ACCESS_VIOLATION (0xc0000005) at pc=0x00007ffa8d16d729]

GC Heap History (0 events):
No events

Deoptimization events (0 events):
No events

Classes unloaded (0 events):
No events

Classes redefined (0 events):
No events

Internal exceptions (0 events):
No events

VM Operations (0 events):
No events

Events (1 events):
Event: 0.063 Loaded shared library C:\Users\gpear\Downloads\sts-4.13.0.RELEASE\plugins\org.eclipse.justj.openjdk.hotspot.jre.full.win32.x86_64_17.0.1.v20211116-1657\jre\bin\java.dll


Dynamic libraries:
0x00007ff66e6a0000 - 0x00007ff66e6ae000 	C:\Users\gpear\Downloads\sts-4.13.0.RELEASE\plugins\org.eclipse.justj.openjdk.hotspot.jre.full.win32.x86_64_17.0.1.v20211116-1657\jre\bin\javaw.exe
0x00007ffadb060000 - 0x00007ffadb267000 	C:\WINDOWS\SYSTEM32\ntdll.dll
0x00007ffada260000 - 0x00007ffada31d000 	C:\WINDOWS\System32\KERNEL32.DLL
0x00007ffad87f0000 - 0x00007ffad8b64000 	C:\WINDOWS\System32\KERNELBASE.dll
0x00007ffad85e0000 - 0x00007ffad86f1000 	C:\WINDOWS\System32\ucrtbase.dll
0x00007ffabda40000 - 0x00007ffabda58000 	C:\Users\gpear\Downloads\sts-4.13.0.RELEASE\plugins\org.eclipse.justj.openjdk.hotspot.jre.full.win32.x86_64_17.0.1.v20211116-1657\jre\bin\jli.dll
0x00007ffabda60000 - 0x00007ffabda79000 	C:\Users\gpear\Downloads\sts-4.13.0.RELEASE\plugins\org.eclipse.justj.openjdk.hotspot.jre.full.win32.x86_64_17.0.1.v20211116-1657\jre\bin\VCRUNTIME140.dll
0x00007ffab8a00000 - 0x00007ffab8ca5000 	C:\WINDOWS\WinSxS\amd64_microsoft.windows.common-controls_6595b64144ccf1df_6.0.22000.120_none_9d947278b86cc467\COMCTL32.dll
0x00007ffada050000 - 0x00007ffada0f3000 	C:\WINDOWS\System32\msvcrt.dll
0x00007ffad8ef0000 - 0x00007ffad909c000 	C:\WINDOWS\System32\USER32.dll
0x00007ffad9ac0000 - 0x00007ffad9ae9000 	C:\WINDOWS\System32\GDI32.dll
0x00007ffad8b70000 - 0x00007ffad8b96000 	C:\WINDOWS\System32\win32u.dll
0x00007ffad8d10000 - 0x00007ffad8e22000 	C:\WINDOWS\System32\gdi32full.dll
0x00007ffad8540000 - 0x00007ffad85dd000 	C:\WINDOWS\System32\msvcp_win.dll
0x00007ffad9f50000 - 0x00007ffad9f81000 	C:\WINDOWS\System32\IMM32.DLL
0x00007ffad0180000 - 0x00007ffad018c000 	C:\Users\gpear\Downloads\sts-4.13.0.RELEASE\plugins\org.eclipse.justj.openjdk.hotspot.jre.full.win32.x86_64_17.0.1.v20211116-1657\jre\bin\vcruntime140_1.dll
0x00007ffab32b0000 - 0x00007ffab3341000 	C:\Users\gpear\Downloads\sts-4.13.0.RELEASE\plugins\org.eclipse.justj.openjdk.hotspot.jre.full.win32.x86_64_17.0.1.v20211116-1657\jre\bin\msvcp140.dll
0x00007ffa8caa0000 - 0x00007ffa8d6e6000 	C:\Users\gpear\Downloads\sts-4.13.0.RELEASE\plugins\org.eclipse.justj.openjdk.hotspot.jre.full.win32.x86_64_17.0.1.v20211116-1657\jre\bin\server\jvm.dll
0x00007ffad9f90000 - 0x00007ffada03c000 	C:\WINDOWS\System32\ADVAPI32.dll
0x00007ffadaf80000 - 0x00007ffadb01d000 	C:\WINDOWS\System32\sechost.dll
0x00007ffad9dc0000 - 0x00007ffad9ee1000 	C:\WINDOWS\System32\RPCRT4.dll
0x00007ffadaef0000 - 0x00007ffadaef8000 	C:\WINDOWS\System32\PSAPI.DLL
0x00007ffad2e30000 - 0x00007ffad2e63000 	C:\WINDOWS\SYSTEM32\WINMM.dll
0x00007ffad22d0000 - 0x00007ffad22da000 	C:\WINDOWS\SYSTEM32\VERSION.dll
0x00007ffad3100000 - 0x00007ffad3109000 	C:\WINDOWS\SYSTEM32\WSOCK32.dll
0x00007ffada1f0000 - 0x00007ffada25f000 	C:\WINDOWS\System32\WS2_32.dll
0x00007ffad7750000 - 0x00007ffad7768000 	C:\WINDOWS\SYSTEM32\kernel.appcore.dll
0x00007ffad2f20000 - 0x00007ffad2f2a000 	C:\Users\gpear\Downloads\sts-4.13.0.RELEASE\plugins\org.eclipse.justj.openjdk.hotspot.jre.full.win32.x86_64_17.0.1.v20211116-1657\jre\bin\jimage.dll
0x00007ffad6250000 - 0x00007ffad6471000 	C:\WINDOWS\SYSTEM32\DBGHELP.DLL
0x00007ffaca9f0000 - 0x00007ffacaa21000 	C:\WINDOWS\SYSTEM32\dbgcore.DLL
0x00007ffad8770000 - 0x00007ffad87ef000 	C:\WINDOWS\System32\bcryptPrimitives.dll
0x00007ffaca340000 - 0x00007ffaca365000 	C:\Users\gpear\Downloads\sts-4.13.0.RELEASE\plugins\org.eclipse.justj.openjdk.hotspot.jre.full.win32.x86_64_17.0.1.v20211116-1657\jre\bin\java.dll

dbghelp: loaded successfully - version: 4.0.5 - missing functions: none
symbol engine: initialized successfully - sym options: 0x614 - pdb path: .;C:\Users\gpear\Downloads\sts-4.13.0.RELEASE\plugins\org.eclipse.justj.openjdk.hotspot.jre.full.win32.x86_64_17.0.1.v20211116-1657\jre\bin;C:\WINDOWS\SYSTEM32;C:\WINDOWS\WinSxS\amd64_microsoft.windows.common-controls_6595b64144ccf1df_6.0.22000.120_none_9d947278b86cc467;C:\Users\gpear\Downloads\sts-4.13.0.RELEASE\plugins\org.eclipse.justj.openjdk.hotspot.jre.full.win32.x86_64_17.0.1.v20211116-1657\jre\bin\server

VM Arguments:
jvm_args: -Dfile.encoding=Cp1252 --module-path=C:\Users\gpear\Documents\workspace-spring-tool-suite-4-4.13.0.RELEASE\basics\bin -XX:+ShowCodeDetailsInExceptionMessages -Djdk.module.main=basics 
java_command: basics/atHomeAssignments.driver
java_class_path (initial): <not set>
Launcher Type: SUN_STANDARD

[Global flags]
     intx CICompilerCount                          = 4                                         {product} {ergonomic}
     uint ConcGCThreads                            = 2                                         {product} {ergonomic}
     uint G1ConcRefinementThreads                  = 8                                         {product} {ergonomic}
   size_t G1HeapRegionSize                         = 1048576                                   {product} {ergonomic}
    uintx GCDrainStackTargetSize                   = 64                                        {product} {ergonomic}
   size_t InitialHeapSize                          = 132120576                                 {product} {ergonomic}
   size_t MarkStackSize                            = 4194304                                   {product} {ergonomic}
   size_t MaxHeapSize                              = 2097152000                                {product} {ergonomic}
   size_t MinHeapDeltaBytes                        = 1048576                                   {product} {ergonomic}
   size_t MinHeapSize                              = 8388608                                   {product} {ergonomic}
    uintx NonNMethodCodeHeapSize                   = 5839372                                {pd product} {ergonomic}
    uintx NonProfiledCodeHeapSize                  = 122909434                              {pd product} {ergonomic}
    uintx ProfiledCodeHeapSize                     = 122909434                              {pd product} {ergonomic}
    uintx ReservedCodeCacheSize                    = 251658240                              {pd product} {ergonomic}
     bool SegmentedCodeCache                       = true                                      {product} {ergonomic}
     bool ShowCodeDetailsInExceptionMessages       = true                                   {manageable} {command line}
   size_t SoftMaxHeapSize                          = 2097152000                             {manageable} {ergonomic}
     bool UseCompressedClassPointers               = true                           {product lp64_product} {ergonomic}
     bool UseCompressedOops                        = true                           {product lp64_product} {ergonomic}
     bool UseG1GC                                  = true                                      {product} {ergonomic}
     bool UseLargePagesIndividualAllocation        = false                                  {pd product} {ergonomic}

Logging:
Log output configuration:
 #0: stdout all=warning uptime,level,tags
 #1: stderr all=off uptime,level,tags

Environment Variables:
JAVA_HOME=C:\Program Files\Eclipse Adoptium\jdk-17.0.1.12-hotspot\
PATH=C:/Users/gpear/Downloads/sts-4.13.0.RELEASE//plugins/org.eclipse.justj.openjdk.hotspot.jre.full.win32.x86_64_17.0.1.v20211116-1657/jre/bin/server;C:/Users/gpear/Downloads/sts-4.13.0.RELEASE//plugins/org.eclipse.justj.openjdk.hotspot.jre.full.win32.x86_64_17.0.1.v20211116-1657/jre/bin;C:\Program Files\Eclipse Adoptium\jdk-17.0.1.12-hotspot\bin;C:\Program Files\Common Files\Oracle\Java\javapath;C:\Program Files (x86)\Razer Chroma SDK\bin;C:\Program Files\Razer Chroma SDK\bin;C:\Program Files (x86)\Razer\ChromaBroadcast\bin;C:\Program Files\Razer\ChromaBroadcast\bin;C:\windows\system32;C:\windows;C:\windows\System32\Wbem;C:\windows\System32\WindowsPowerShell\v1.0\;C:\windows\System32\OpenSSH\;C:\Program Files (x86)\NVIDIA Corporation\PhysX\Common;C:\Program Files\NVIDIA Corporation\NVIDIA NvDLISR;C:\windows\system32\config\systemprofile\AppData\Local\Microsoft\WindowsApps;C:\WINDOWS\system32;C:\WINDOWS;C:\WINDOWS\System32\Wbem;C:\WINDOWS\System32\WindowsPowerShell\v1.0\;C:\WINDOWS\System32\OpenSSH\;C:\Program Files\dotnet\;C:\Program Files\Microsoft SQL Server\130\Tools\Binn\;C:\Program Files\Microsoft SQL Server\Client SDK\ODBC\170\Tools\Binn\;C:\Program Files (x86)\dotnet\;C:\Program Files\Git\cmd;C:\Users\gpear\AppData\Local\Microsoft\WindowsApps;C:\Users\gpear\.dotnet\tools;C:\Users\gpear\AppData\Local\Programs\Microsoft VS Code\bin;C:\Users\gpear\Downloads\sts-4.13.0.RELEASE;
USERNAME=gpear
OS=Windows_NT
PROCESSOR_IDENTIFIER=Intel64 Family 6 Model 165 Stepping 2, GenuineIntel



---------------  S Y S T E M  ---------------

OS:
 Windows 10 , 64 bit Build 22000 (10.0.22000.318)
OS uptime: 20 days 7:27 hours

CPU: total 8 (initial active 8) (4 cores per cpu, 2 threads per core) family 6 model 165 stepping 2 microcode 0xea, cx8, cmov, fxsr, ht, mmx, 3dnowpref, sse, sse2, sse3, ssse3, sse4.1, sse4.2, popcnt, lzcnt, tsc, tscinvbit, avx, avx2, aes, erms, clmul, bmi1, bmi2, adx, fma, vzeroupper, clflush, clflushopt

Memory: 4k page, system-wide physical 7993M (59M free)
TotalPageFile size 26897M (AvailPageFile size 98M)
current process WorkingSet (physical memory assigned to process): 9M, peak: 9M
current process commit charge ("private bytes"): 60M, peak: 185M

vm_info: OpenJDK 64-Bit Server VM (17.0.1+12) for windows-amd64 JRE (17.0.1+12), built on Oct 20 2021 07:42:55 by "" with MS VC++ 16.7 (VS2019)

END.
